<?xml version="1.0" encoding="UTF-8"?>
<!-- Generated by org.testng.reporters.JUnitReportReporter -->
<testsuite hostname="DESKTOP-R0RLALP" failures="0" tests="2" name="com.java.runner.FootersRunner" time="86.300" errors="0" timestamp="2025-02-13T17:50:44 IST" skipped="0">
  <testcase classname="com.java.runner.FootersRunner" name="runScenario" time="41.060"/>
  <system-out/>
  <testcase classname="com.java.runner.FootersRunner" name="runScenario" time="45.240"/>
  <system-out/>
</testsuite> <!-- com.java.runner.FootersRunner -->
