<?xml version="1.0" encoding="UTF-8"?>
<!-- Generated by org.testng.reporters.JUnitReportReporter -->
<testsuite hostname="DESKTOP-R0RLALP" failures="0" tests="2" name="com.java.runner.SlidesRunner" time="225.382" errors="0" timestamp="2025-02-13T17:35:54 IST" skipped="0">
  <testcase classname="com.java.runner.SlidesRunner" name="runScenario" time="112.526"/>
  <testcase classname="com.java.runner.SlidesRunner" name="runScenario" time="112.856"/>
</testsuite> <!-- com.java.runner.SlidesRunner -->
