<?xml version="1.0" encoding="UTF-8"?>
<!-- Generated by org.testng.reporters.JUnitReportReporter -->
<testsuite hostname="DESKTOP-R0RLALP" failures="0" tests="2" name="com.java.runner.VideoFeedsRunner" time="228.208" errors="0" timestamp="2025-02-13T17:49:40 IST" skipped="0">
  <testcase classname="com.java.runner.VideoFeedsRunner" name="runScenario" time="116.888"/>
  <system-out/>
  <testcase classname="com.java.runner.VideoFeedsRunner" name="runScenario" time="111.320"/>
  <system-out/>
</testsuite> <!-- com.java.runner.VideoFeedsRunner -->
