<?xml version="1.0" encoding="UTF-8"?>
<!-- Generated by org.testng.reporters.JUnitReportReporter -->
<testsuite hostname="DESKTOP-R0RLALP" failures="0" tests="2" name="com.java.runner.TestRunner" time="123.212" errors="0" timestamp="2025-02-12T11:02:02 IST" skipped="0">
  <testcase classname="com.java.runner.TestRunner" name="runScenario" time="63.672"/>
  <testcase classname="com.java.runner.TestRunner" name="runScenario" time="59.540"/>
</testsuite> <!-- com.java.runner.TestRunner -->
