<?xml version="1.0" encoding="UTF-8"?>
<!-- Generated by org.testng.reporters.JUnitReportReporter -->
<testsuite hostname="DESKTOP-R0RLALP" failures="0" tests="3" name="com.java.runner.FootersRunner" time="88.078" errors="1" timestamp="2025-03-01T23:32:11 IST" skipped="0">
  <testcase classname="com.java.runner.FootersRunner" name="runScenario" time="44.037"/>
  <system-out/>
  <testcase classname="com.java.runner.FootersRunner" name="runScenario" time="44.037"/>
  <system-out/>
  <testcase classname="com.java.runner.FootersRunner" name="quitDriver" time="0.004">
    <error message="❌ Cucumber.json file is missing or empty! Run the tests again." type="java.lang.RuntimeException">
      <![CDATA[java.lang.RuntimeException: ❌ Cucumber.json file is missing or empty! Run the tests again.
at com.java.reports.CucumberReportGenerator.generateReport(CucumberReportGenerator.java:15)
at com.java.runner.FootersRunner.quitDriver(FootersRunner.java:62)
at java.base/jdk.internal.reflect.DirectMethodHandleAccessor.invoke(DirectMethodHandleAccessor.java:103)
at java.base/java.lang.reflect.Method.invoke(Method.java:580)
at org.testng.internal.MethodInvocationHelper.invokeMethod(MethodInvocationHelper.java:133)
at org.testng.internal.MethodInvocationHelper.invokeMethodConsideringTimeout(MethodInvocationHelper.java:62)
at org.testng.internal.ConfigInvoker.invokeConfigurationMethod(ConfigInvoker.java:385)
at org.testng.internal.ConfigInvoker.invokeConfigurations(ConfigInvoker.java:321)
at org.testng.SuiteRunner.privateRun(SuiteRunner.java:344)
at org.testng.SuiteRunner.run(SuiteRunner.java:276)
at org.testng.SuiteRunnerWorker.runSuite(SuiteRunnerWorker.java:53)
at org.testng.SuiteRunnerWorker.run(SuiteRunnerWorker.java:96)
at org.testng.TestNG.runSuitesSequentially(TestNG.java:1212)
at org.testng.TestNG.runSuitesLocally(TestNG.java:1134)
at org.testng.TestNG.runSuites(TestNG.java:1063)
at org.testng.TestNG.run(TestNG.java:1031)
at org.testng.remote.AbstractRemoteTestNG.run(AbstractRemoteTestNG.java:115)
at org.testng.remote.RemoteTestNG.initAndRun(RemoteTestNG.java:293)
at org.testng.remote.RemoteTestNG.main(RemoteTestNG.java:91)
]]>
    </error>
  </testcase> <!-- quitDriver -->
  <system-out/>
</testsuite> <!-- com.java.runner.FootersRunner -->
