<?xml version="1.0" encoding="UTF-8"?>
<!-- Generated by org.testng.reporters.JUnitReportReporter -->
<testsuite hostname="DESKTOP-R0RLALP" failures="0" tests="2" name="com.java.runner.FootersRunner" time="88.508" errors="0" timestamp="2025-02-13T16:59:44 IST" skipped="0">
  <testcase classname="com.java.runner.FootersRunner" name="runScenario" time="45.124"/>
  <testcase classname="com.java.runner.FootersRunner" name="runScenario" time="43.384"/>
</testsuite> <!-- com.java.runner.FootersRunner -->
