<?xml version="1.0" encoding="UTF-8"?>
<!-- Generated by org.testng.reporters.JUnitReportReporter -->
<testsuite hostname="DESKTOP-R0RLALP" failures="0" tests="2" name="com.java.runner.FootersRunner" time="121.460" errors="0" timestamp="2025-03-01T19:01:35 IST" skipped="0">
  <testcase classname="com.java.runner.FootersRunner" name="runScenario" time="60.657"/>
  <system-out/>
  <testcase classname="com.java.runner.FootersRunner" name="runScenario" time="60.803"/>
  <system-out/>
</testsuite> <!-- com.java.runner.FootersRunner -->
