<?xml version="1.0" encoding="UTF-8"?>
<!-- Generated by org.testng.reporters.JUnitReportReporter -->
<testsuite hostname="DESKTOP-R0RLALP" failures="0" tests="2" name="com.java.runner.VideoFeedsRunner" time="2.298" errors="2" timestamp="2025-03-02T16:28:01 IST" skipped="0">
  <testcase classname="com.java.runner.VideoFeedsRunner" name="runScenario" time="1.149">
    <error message="C:\Users\Admin\Downloads\MyProject\Multi-Module-Maven-Project\TestAutomation\automation-frameworknull (The system cannot find the file specified)" type="java.io.FileNotFoundException">
      <![CDATA[java.io.FileNotFoundException: C:\Users\Admin\Downloads\MyProject\Multi-Module-Maven-Project\TestAutomation\automation-frameworknull (The system cannot find the file specified)
at java.base/java.io.FileInputStream.open0(Native Method)
at java.base/java.io.FileInputStream.open(FileInputStream.java:213)
at java.base/java.io.FileInputStream.<init>(FileInputStream.java:152)
at java.base/java.io.FileInputStream.<init>(FileInputStream.java:106)
at java.base/java.io.FileReader.<init>(FileReader.java:60)
at com.java.dataReader.JsonReader.getDataFromJson(JsonReader.java:20)
at com.java.base.TestBase.openCoreProductWebSite(TestBase.java:33)
]]>
    </error>
  </testcase> <!-- runScenario -->
  <system-out/>
  <testcase classname="com.java.runner.VideoFeedsRunner" name="runScenario" time="1.149">
    <error message="C:\Users\Admin\Downloads\MyProject\Multi-Module-Maven-Project\TestAutomation\automation-frameworknull (The system cannot find the file specified)" type="java.io.FileNotFoundException">
      <![CDATA[java.io.FileNotFoundException: C:\Users\Admin\Downloads\MyProject\Multi-Module-Maven-Project\TestAutomation\automation-frameworknull (The system cannot find the file specified)
at java.base/java.io.FileInputStream.open0(Native Method)
at java.base/java.io.FileInputStream.open(FileInputStream.java:213)
at java.base/java.io.FileInputStream.<init>(FileInputStream.java:152)
at java.base/java.io.FileInputStream.<init>(FileInputStream.java:106)
at java.base/java.io.FileReader.<init>(FileReader.java:60)
at com.java.dataReader.JsonReader.getDataFromJson(JsonReader.java:20)
at com.java.base.TestBase.openCoreProductWebSite(TestBase.java:33)
]]>
    </error>
  </testcase> <!-- runScenario -->
  <system-out/>
</testsuite> <!-- com.java.runner.VideoFeedsRunner -->
