<?xml version="1.0" encoding="UTF-8"?>
<!-- Generated by org.testng.reporters.JUnitReportReporter -->
<testsuite hostname="DESKTOP-R0RLALP" failures="0" tests="2" name="com.java.runner.VideoFeedsRunner" time="320.687" errors="0" timestamp="2025-02-12T23:36:35 IST" skipped="0">
  <testcase classname="com.java.runner.VideoFeedsRunner" name="runScenario" time="161.829"/>
  <testcase classname="com.java.runner.VideoFeedsRunner" name="runScenario" time="158.858"/>
</testsuite> <!-- com.java.runner.VideoFeedsRunner -->
