<?xml version="1.0" encoding="UTF-8"?>
<!-- Generated by org.testng.reporters.JUnitReportReporter -->
<testsuite hostname="DESKTOP-R0RLALP" failures="0" tests="2" name="com.java.runner.VideoFeedsRunner" time="273.488" errors="0" timestamp="2025-03-02T16:41:01 IST" skipped="0">
  <testcase classname="com.java.runner.VideoFeedsRunner" name="runScenario" time="141.695"/>
  <system-out/>
  <testcase classname="com.java.runner.VideoFeedsRunner" name="runScenario" time="131.793"/>
  <system-out/>
</testsuite> <!-- com.java.runner.VideoFeedsRunner -->
