<?xml version="1.0" encoding="UTF-8"?>
<!-- Generated by org.testng.reporters.JUnitReportReporter -->
<testsuite hostname="DESKTOP-R0RLALP" failures="0" tests="2" name="com.java.runner.VideoFeedsRunner" time="127.827" errors="0" timestamp="2025-03-01T18:55:50 IST" skipped="0">
  <testcase classname="com.java.runner.VideoFeedsRunner" name="runScenario" time="61.523"/>
  <system-out/>
  <testcase classname="com.java.runner.VideoFeedsRunner" name="runScenario" time="66.304"/>
  <system-out/>
</testsuite> <!-- com.java.runner.VideoFeedsRunner -->
